{"/home/charles/charles/node_practice/self_lesson/lesson6/main.js":{"path":"/home/charles/charles/node_practice/self_lesson/lesson6/main.js","s":{"1":1,"2":180,"3":1,"4":179,"5":1,"6":178,"7":35,"8":143,"9":55,"10":88,"11":1,"12":0,"13":0,"14":1},"b":{"1":[1,179],"2":[1,178],"3":[35,143],"4":[55,88],"5":[0,1]},"f":{"1":180},"fnMap":{"1":{"name":"(anonymous_1)","line":1,"loc":{"start":{"line":1,"column":16},"end":{"line":1,"column":28}}}},"statementMap":{"1":{"start":{"line":1,"column":0},"end":{"line":13,"column":2}},"2":{"start":{"line":2,"column":2},"end":{"line":4,"column":5}},"3":{"start":{"line":3,"column":4},"end":{"line":3,"column":44}},"4":{"start":{"line":5,"column":2},"end":{"line":7,"column":5}},"5":{"start":{"line":6,"column":4},"end":{"line":6,"column":53}},"6":{"start":{"line":8,"column":2},"end":{"line":9,"column":13}},"7":{"start":{"line":9,"column":4},"end":{"line":9,"column":13}},"8":{"start":{"line":10,"column":2},"end":{"line":11,"column":13}},"9":{"start":{"line":11,"column":4},"end":{"line":11,"column":13}},"10":{"start":{"line":12,"column":2},"end":{"line":12,"column":41}},"11":{"start":{"line":15,"column":0},"end":{"line":18,"column":1}},"12":{"start":{"line":16,"column":2},"end":{"line":16,"column":34}},"13":{"start":{"line":17,"column":2},"end":{"line":17,"column":71}},"14":{"start":{"line":20,"column":0},"end":{"line":20,"column":30}}},"branchMap":{"1":{"line":2,"type":"if","locations":[{"start":{"line":2,"column":2},"end":{"line":2,"column":2}},{"start":{"line":2,"column":2},"end":{"line":2,"column":2}}]},"2":{"line":5,"type":"if","locations":[{"start":{"line":5,"column":2},"end":{"line":5,"column":2}},{"start":{"line":5,"column":2},"end":{"line":5,"column":2}}]},"3":{"line":8,"type":"if","locations":[{"start":{"line":8,"column":2},"end":{"line":8,"column":2}},{"start":{"line":8,"column":2},"end":{"line":8,"column":2}}]},"4":{"line":10,"type":"if","locations":[{"start":{"line":10,"column":2},"end":{"line":10,"column":2}},{"start":{"line":10,"column":2},"end":{"line":10,"column":2}}]},"5":{"line":15,"type":"if","locations":[{"start":{"line":15,"column":0},"end":{"line":15,"column":0}},{"start":{"line":15,"column":0},"end":{"line":15,"column":0}}]}}}}